{
  "RSpec": {
    "coverage": {
      "/Users/vatcharamai/Desktop/academyquest/academy-quest/app/models/quest.rb": {
        "lines": [
          1,
          1,
          null
        ]
      },
      "/Users/vatcharamai/Desktop/academyquest/academy-quest/app/models/application_record.rb": {
        "lines": [
          1,
          1,
          null
        ]
      },
      "/Users/vatcharamai/Desktop/academyquest/academy-quest/app/controllers/quests_controller.rb": {
        "lines": [
          1,
          1,
          null,
          1,
          1,
          null,
          null,
          1,
          null,
          1,
          1,
          null,
          null,
          1,
          null,
          1,
          4,
          null,
          4,
          4,
          4,
          2,
          null,
          4,
          2,
          null,
          null,
          null,
          null,
          1,
          3,
          3,
          4,
          2,
          null,
          2,
          1,
          null,
          null,
          null,
          null,
          1,
          1,
          1,
          2,
          1,
          null,
          null,
          null,
          1,
          null,
          1,
          6,
          null,
          null,
          1,
          7,
          null,
          null
        ]
      },
      "/Users/vatcharamai/Desktop/academyquest/academy-quest/app/controllers/application_controller.rb": {
        "lines": [
          1,
          null,
          null,
          null
        ]
      },
      "/Users/vatcharamai/Desktop/academyquest/academy-quest/app/controllers/brags_controller.rb": {
        "lines": [
          1,
          1,
          null,
          null
        ]
      },
      "/Users/vatcharamai/Desktop/academyquest/academy-quest/app/helpers/application_helper.rb": {
        "lines": [
          0,
          0
        ],
        "branches": {}
      },
      "/Users/vatcharamai/Desktop/academyquest/academy-quest/app/helpers/brags_helper.rb": {
        "lines": [
          0,
          0
        ],
        "branches": {}
      },
      "/Users/vatcharamai/Desktop/academyquest/academy-quest/app/helpers/quests_helper.rb": {
        "lines": [
          0,
          0
        ],
        "branches": {}
      },
      "/Users/vatcharamai/Desktop/academyquest/academy-quest/app/jobs/application_job.rb": {
        "lines": [
          0,
          null,
          null,
          null,
          null,
          null,
          0
        ],
        "branches": {}
      },
      "/Users/vatcharamai/Desktop/academyquest/academy-quest/app/mailers/application_mailer.rb": {
        "lines": [
          0,
          0,
          0,
          0
        ],
        "branches": {}
      }
    },
    "timestamp": 1748497203
  }
}
